insertion sort time 1: 4.96988
5
75922
151885
228686
303522
381178
458336
533503
610337
686988
763049
838529
915701
991907
merge sort time 1: 0.014831
5
75922
151885
228686
303522
381178
458336
533503
610337
686988
763049
838529
915701
991907
merge sort blendtime 1: 0.0146973
5
75922
151885
228686
303522
381178
458336
533503
610337
686988
763049
838529
915701
991907
simple timsort time 1: 0.0644673
5
75922
151885
228686
303522
381178
458336
533503
610337
686988
763049
838529
915701
991907
insertion sort time 1: 4.39631
3
76173
151434
227979
304673
381670
458273
535289
611609
688908
764874
840374
915358
991847
merge sort time 1: 0.00970329
3
76173
151434
227979
304673
381670
458273
535289
611609
688908
764874
840374
915358
991847
merge sort blendtime 1: 0.00969221
3
76173
151434
227979
304673
381670
458273
535289
611609
688908
764874
840374
915358
991847
simple timsort time 1: 0.0841328
3
76173
151434
227979
304673
381670
458273
535289
611609
688908
764874
840374
915358
991847
